<?xml version="1.0" encoding="UTF-8"?>
<!-- Generated by org.testng.reporters.JUnitReportReporter -->
<testsuite hostname="DESKTOP-EHA9HVK" failures="0" tests="1" name="com.mindtree.kalinga.EasyBucks.test.EasyBucks.LoginTest" time="19.233" errors="0" timestamp="24 Jun 2018 16:15:24 GMT" skipped="0">
  <testcase classname="com.mindtree.kalinga.EasyBucks.test.EasyBucks.LoginTest" name="test1" time="19.233"/>
</testsuite> <!-- com.mindtree.kalinga.EasyBucks.test.EasyBucks.LoginTest -->
