<?xml version="1.0" encoding="UTF-8"?>
<!-- Generated by org.testng.reporters.JUnitReportReporter -->
<testsuite skipped="0" hostname="G1C2ML18294" name="com.mindtree.kalinga.EasyBucks.test.EasyBucks.EndToEnd" tests="2" failures="0" timestamp="31 Jan 2018 06:05:01 GMT" time="36.217" errors="0">
  <testcase name="login" time="3.694" classname="com.mindtree.kalinga.EasyBucks.test.EasyBucks.EndToEnd"/>
  <testcase name="addMF" time="32.523" classname="com.mindtree.kalinga.EasyBucks.test.EasyBucks.EndToEnd"/>
</testsuite> <!-- com.mindtree.kalinga.EasyBucks.test.EasyBucks.EndToEnd -->
