<?xml version="1.0" encoding="UTF-8"?>
<!-- Generated by org.testng.reporters.JUnitReportReporter -->
<testsuite skipped="0" hostname="G1C2ML18294" name="com.mindtree.kalinga.EasyBucks.test.EasyBucks.InvestorRequestApprove" tests="1" failures="0" timestamp="31 Jan 2018 06:19:12 GMT" time="3.805" errors="0">
  <testcase name="investorLogin" time="3.805" classname="com.mindtree.kalinga.EasyBucks.test.EasyBucks.InvestorRequestApprove"/>
</testsuite> <!-- com.mindtree.kalinga.EasyBucks.test.EasyBucks.InvestorRequestApprove -->
