<?xml version="1.0" encoding="UTF-8"?>
<!-- Generated by org.testng.reporters.JUnitReportReporter -->
<testsuite skipped="0" hostname="G1C2ML18294" name="com.mindtree.kalinga.EasyBucks.test.EasyBucks.AdminAddProduct" tests="2" failures="0" timestamp="31 Jan 2018 12:34:46 GMT" time="14.326" errors="0">
  <testcase name="addMF" time="7.346" classname="com.mindtree.kalinga.EasyBucks.test.EasyBucks.AdminAddProduct"/>
  <testcase name="login" time="6.980" classname="com.mindtree.kalinga.EasyBucks.test.EasyBucks.AdminAddProduct"/>
</testsuite> <!-- com.mindtree.kalinga.EasyBucks.test.EasyBucks.AdminAddProduct -->
